2025-03-14 07:02:14 PM - INFO - Loaded 4 pending users from MongoDB
2025-03-14 07:02:15 PM - INFO - Checking for payment reminders...
2025-03-14 07:02:15 PM - INFO - Starting the bot...
2025-03-14 07:02:15 PM - INFO - Payment reminder check completed.
2025-03-14 07:02:15 PM - INFO - [31m[1mWARNING: This is a development server. Do not use it in a production deployment. Use a production WSGI server instead.[0m
 * Running on all addresses (0.0.0.0)
 * Running on http://127.0.0.1:8080
 * Running on http://192.168.1.70:8080
2025-03-14 07:02:15 PM - INFO - [33mPress CTRL+C to quit[0m
2025-03-14 07:03:04 PM - ERROR - Threaded polling exception: A request to the Telegram API was unsuccessful. Error code: 400. Description: Bad Request: can't parse entities: Can't find end of the entity starting at byte offset 133
2025-03-14 07:03:04 PM - ERROR - Exception traceback:
Traceback (most recent call last):
  File "/Library/Frameworks/Python.framework/Versions/3.13/lib/python3.13/site-packages/telebot/__init__.py", line 1235, in __threaded_polling
    self.worker_pool.raise_exceptions()
    ~~~~~~~~~~~~~~~~~~~~~~~~~~~~~~~~~^^
  File "/Library/Frameworks/Python.framework/Versions/3.13/lib/python3.13/site-packages/telebot/util.py", line 150, in raise_exceptions
    raise self.exception_info
  File "/Library/Frameworks/Python.framework/Versions/3.13/lib/python3.13/site-packages/telebot/util.py", line 93, in run
    task(*args, **kwargs)
    ~~~~^^^^^^^^^^^^^^^^^
  File "/Library/Frameworks/Python.framework/Versions/3.13/lib/python3.13/site-packages/telebot/__init__.py", line 9233, in _run_middlewares_and_handler
    result = handler['function'](message)
  File "/Users/jared/Documents/GitHub/PTABot/bot.py", line 1468, in handle_changelog_view
    send_admin_changelogs(chat_id)
    ~~~~~~~~~~~~~~~~~~~~~^^^^^^^^^
  File "/Users/jared/Documents/GitHub/PTABot/bot.py", line 1488, in send_admin_changelogs
    bot.send_message(chat_id, changelog_message, parse_mode="Markdown")
    ~~~~~~~~~~~~~~~~^^^^^^^^^^^^^^^^^^^^^^^^^^^^^^^^^^^^^^^^^^^^^^^^^^^
  File "/Library/Frameworks/Python.framework/Versions/3.13/lib/python3.13/site-packages/telebot/__init__.py", line 1800, in send_message
    apihelper.send_message(
    ~~~~~~~~~~~~~~~~~~~~~~^
        self.token, chat_id, text,
        ^^^^^^^^^^^^^^^^^^^^^^^^^^
    ...<2 lines>...
        reply_parameters=reply_parameters, link_preview_options=link_preview_options, business_connection_id=business_connection_id,
        ^^^^^^^^^^^^^^^^^^^^^^^^^^^^^^^^^^^^^^^^^^^^^^^^^^^^^^^^^^^^^^^^^^^^^^^^^^^^^^^^^^^^^^^^^^^^^^^^^^^^^^^^^^^^^^^^^^^^^^^^^^^^
        message_effect_id=message_effect_id, allow_paid_broadcast=allow_paid_broadcast))
        ^^^^^^^^^^^^^^^^^^^^^^^^^^^^^^^^^^^^^^^^^^^^^^^^^^^^^^^^^^^^^^^^^^^^^^^^^^^^^^^
  File "/Library/Frameworks/Python.framework/Versions/3.13/lib/python3.13/site-packages/telebot/apihelper.py", line 275, in send_message
    return _make_request(token, method_url, params=payload, method='post')
  File "/Library/Frameworks/Python.framework/Versions/3.13/lib/python3.13/site-packages/telebot/apihelper.py", line 168, in _make_request
    json_result = _check_result(method_name, result)
  File "/Library/Frameworks/Python.framework/Versions/3.13/lib/python3.13/site-packages/telebot/apihelper.py", line 195, in _check_result
    raise ApiTelegramException(method_name, result, result_json)
telebot.apihelper.ApiTelegramException: A request to the Telegram API was unsuccessful. Error code: 400. Description: Bad Request: can't parse entities: Can't find end of the entity starting at byte offset 133

2025-03-14 07:03:07 PM - INFO - Bot is online
2025-03-14 07:03:07 PM - INFO - Starting the bot...
2025-03-14 07:03:16 PM - ERROR - Threaded polling exception: A request to the Telegram API was unsuccessful. Error code: 400. Description: Bad Request: can't parse entities: Can't find end of the entity starting at byte offset 133
2025-03-14 07:03:16 PM - ERROR - Exception traceback:
Traceback (most recent call last):
  File "/Library/Frameworks/Python.framework/Versions/3.13/lib/python3.13/site-packages/telebot/__init__.py", line 1235, in __threaded_polling
    self.worker_pool.raise_exceptions()
    ~~~~~~~~~~~~~~~~~~~~~~~~~~~~~~~~~^^
  File "/Library/Frameworks/Python.framework/Versions/3.13/lib/python3.13/site-packages/telebot/util.py", line 150, in raise_exceptions
    raise self.exception_info
  File "/Library/Frameworks/Python.framework/Versions/3.13/lib/python3.13/site-packages/telebot/util.py", line 93, in run
    task(*args, **kwargs)
    ~~~~^^^^^^^^^^^^^^^^^
  File "/Library/Frameworks/Python.framework/Versions/3.13/lib/python3.13/site-packages/telebot/__init__.py", line 9233, in _run_middlewares_and_handler
    result = handler['function'](message)
  File "/Users/jared/Documents/GitHub/PTABot/bot.py", line 1468, in handle_changelog_view
    send_admin_changelogs(chat_id)
    ~~~~~~~~~~~~~~~~~~~~~^^^^^^^^^
  File "/Users/jared/Documents/GitHub/PTABot/bot.py", line 1488, in send_admin_changelogs
    bot.send_message(chat_id, changelog_message, parse_mode="Markdown")
    ~~~~~~~~~~~~~~~~^^^^^^^^^^^^^^^^^^^^^^^^^^^^^^^^^^^^^^^^^^^^^^^^^^^
  File "/Library/Frameworks/Python.framework/Versions/3.13/lib/python3.13/site-packages/telebot/__init__.py", line 1800, in send_message
    apihelper.send_message(
    ~~~~~~~~~~~~~~~~~~~~~~^
        self.token, chat_id, text,
        ^^^^^^^^^^^^^^^^^^^^^^^^^^
    ...<2 lines>...
        reply_parameters=reply_parameters, link_preview_options=link_preview_options, business_connection_id=business_connection_id,
        ^^^^^^^^^^^^^^^^^^^^^^^^^^^^^^^^^^^^^^^^^^^^^^^^^^^^^^^^^^^^^^^^^^^^^^^^^^^^^^^^^^^^^^^^^^^^^^^^^^^^^^^^^^^^^^^^^^^^^^^^^^^^
        message_effect_id=message_effect_id, allow_paid_broadcast=allow_paid_broadcast))
        ^^^^^^^^^^^^^^^^^^^^^^^^^^^^^^^^^^^^^^^^^^^^^^^^^^^^^^^^^^^^^^^^^^^^^^^^^^^^^^^
  File "/Library/Frameworks/Python.framework/Versions/3.13/lib/python3.13/site-packages/telebot/apihelper.py", line 275, in send_message
    return _make_request(token, method_url, params=payload, method='post')
  File "/Library/Frameworks/Python.framework/Versions/3.13/lib/python3.13/site-packages/telebot/apihelper.py", line 168, in _make_request
    json_result = _check_result(method_name, result)
  File "/Library/Frameworks/Python.framework/Versions/3.13/lib/python3.13/site-packages/telebot/apihelper.py", line 195, in _check_result
    raise ApiTelegramException(method_name, result, result_json)
telebot.apihelper.ApiTelegramException: A request to the Telegram API was unsuccessful. Error code: 400. Description: Bad Request: can't parse entities: Can't find end of the entity starting at byte offset 133

2025-03-14 07:03:19 PM - INFO - Bot is online
2025-03-14 07:03:19 PM - INFO - Starting the bot...
2025-03-14 07:03:21 PM - INFO - Stopping bot...
2025-03-14 07:05:18 PM - INFO - Stopping bot...
2025-03-14 07:05:22 PM - INFO - Loaded 4 pending users from MongoDB
2025-03-14 07:05:22 PM - INFO - Checking for payment reminders...
2025-03-14 07:05:22 PM - INFO - Starting the bot...
2025-03-14 07:05:22 PM - INFO - Payment reminder check completed.
2025-03-14 07:05:22 PM - INFO - [31m[1mWARNING: This is a development server. Do not use it in a production deployment. Use a production WSGI server instead.[0m
 * Running on all addresses (0.0.0.0)
 * Running on http://127.0.0.1:8080
 * Running on http://192.168.1.70:8080
2025-03-14 07:05:22 PM - INFO - [33mPress CTRL+C to quit[0m
2025-03-14 07:05:27 PM - WARNING - Markdown parsing failed: A request to the Telegram API was unsuccessful. Error code: 400. Description: Bad Request: can't parse entities: Can't find end of the entity starting at byte offset 133
2025-03-14 07:07:52 PM - INFO - Stopping bot...
2025-03-14 07:07:54 PM - INFO - Stopping bot...
2025-03-14 07:07:58 PM - INFO - Loaded 4 pending users from MongoDB
2025-03-14 07:07:58 PM - INFO - Checking for payment reminders...
2025-03-14 07:07:58 PM - INFO - Starting the bot...
2025-03-14 07:07:58 PM - INFO - Payment reminder check completed.
2025-03-14 07:07:58 PM - INFO - [31m[1mWARNING: This is a development server. Do not use it in a production deployment. Use a production WSGI server instead.[0m
 * Running on all addresses (0.0.0.0)
 * Running on http://127.0.0.1:8080
 * Running on http://192.168.1.70:8080
2025-03-14 07:07:58 PM - INFO - [33mPress CTRL+C to quit[0m
2025-03-14 07:08:13 PM - INFO - Stopping bot...
2025-03-14 07:08:18 PM - INFO - Stopping bot...
2025-03-14 07:15:53 PM - INFO - Loaded 4 pending users from MongoDB
2025-03-14 07:15:53 PM - INFO - Checking for payment reminders...
2025-03-14 07:15:53 PM - INFO - Starting the bot...
2025-03-14 07:15:53 PM - INFO - Payment reminder check completed.
2025-03-14 07:15:53 PM - INFO - [31m[1mWARNING: This is a development server. Do not use it in a production deployment. Use a production WSGI server instead.[0m
 * Running on all addresses (0.0.0.0)
 * Running on http://127.0.0.1:8080
 * Running on http://192.168.1.70:8080
2025-03-14 07:15:53 PM - INFO - [33mPress CTRL+C to quit[0m
2025-03-14 07:16:02 PM - INFO - Loaded 4 pending users from MongoDB
2025-03-14 07:16:03 PM - INFO - Saved 5 pending users to MongoDB
2025-03-14 07:16:04 PM - INFO - Saved 5 pending users to MongoDB
2025-03-14 07:16:07 PM - INFO - Saved 5 pending users to MongoDB
2025-03-14 07:16:09 PM - INFO - Saved 5 pending users to MongoDB
2025-03-14 07:16:30 PM - INFO - Saved 5 pending users to MongoDB
2025-03-14 07:16:35 PM - INFO - Saved 5 pending users to MongoDB
2025-03-14 07:16:38 PM - INFO - Deleted pending user 6102952866 from MongoDB
2025-03-14 07:16:38 PM - INFO - Saved 4 pending users to MongoDB
2025-03-14 07:16:38 PM - INFO - Saving payment data for user 6102952866: {'username': 'FujiiiiiPTA', 'payment_plan': 'Monthly', 'payment_mode': '💳 Paypal', 'due_date': '2025-04-13 19:16:38', 'haspayed': True}
2025-03-14 07:16:51 PM - INFO - Loaded 4 pending users from MongoDB
2025-03-14 07:16:52 PM - INFO - Saved 5 pending users to MongoDB
2025-03-14 07:16:55 PM - INFO - Saved 5 pending users to MongoDB
2025-03-14 07:16:58 PM - INFO - Saved 5 pending users to MongoDB
2025-03-14 07:16:59 PM - INFO - Deleted pending user 6102952866 from MongoDB
2025-03-14 07:18:27 PM - INFO - Stopping bot...
2025-03-14 07:18:29 PM - INFO - Stopping bot...
2025-03-14 07:21:22 PM - INFO - Loaded 4 pending users from MongoDB
2025-03-14 07:21:22 PM - INFO - Checking for payment reminders...
2025-03-14 07:21:22 PM - INFO - Starting the bot...
2025-03-14 07:21:22 PM - INFO - Payment reminder check completed.
2025-03-14 07:21:22 PM - INFO - [31m[1mWARNING: This is a development server. Do not use it in a production deployment. Use a production WSGI server instead.[0m
 * Running on all addresses (0.0.0.0)
 * Running on http://127.0.0.1:8080
 * Running on http://192.168.1.70:8080
2025-03-14 07:21:22 PM - INFO - [33mPress CTRL+C to quit[0m
2025-03-14 07:22:06 PM - INFO - Stopping bot...
2025-03-14 07:22:09 PM - INFO - Stopping bot...
2025-03-14 07:22:19 PM - INFO - Loaded 4 pending users from MongoDB
2025-03-14 07:22:20 PM - INFO - Checking for payment reminders...
2025-03-14 07:22:20 PM - INFO - Starting the bot...
2025-03-14 07:22:20 PM - INFO - Payment reminder check completed.
2025-03-14 07:22:20 PM - INFO - [31m[1mWARNING: This is a development server. Do not use it in a production deployment. Use a production WSGI server instead.[0m
 * Running on all addresses (0.0.0.0)
 * Running on http://127.0.0.1:8080
 * Running on http://192.168.1.70:8080
2025-03-14 07:22:20 PM - INFO - [33mPress CTRL+C to quit[0m
2025-03-14 07:22:23 PM - INFO - 127.0.0.1 - - [14/Mar/2025 19:22:23] "GET / HTTP/1.1" 200 -
2025-03-14 07:22:23 PM - INFO - 127.0.0.1 - - [14/Mar/2025 19:22:23] "[33mGET /favicon.ico HTTP/1.1[0m" 404 -
2025-03-14 07:22:32 PM - INFO - Loaded 4 pending users from MongoDB
2025-03-14 07:22:34 PM - INFO - Saved 5 pending users to MongoDB
2025-03-14 07:22:46 PM - INFO - Stopping bot...
2025-03-14 07:22:49 PM - INFO - Stopping bot...
2025-03-14 07:23:19 PM - INFO - Loaded 5 pending users from MongoDB
2025-03-14 07:23:19 PM - INFO - Checking for payment reminders...
2025-03-14 07:23:19 PM - INFO - Starting the bot...
2025-03-14 07:23:19 PM - INFO - Payment reminder check completed.
2025-03-14 07:23:19 PM - INFO - [31m[1mWARNING: This is a development server. Do not use it in a production deployment. Use a production WSGI server instead.[0m
 * Running on all addresses (0.0.0.0)
 * Running on http://127.0.0.1:8080
 * Running on http://192.168.1.70:8080
2025-03-14 07:23:19 PM - INFO - [33mPress CTRL+C to quit[0m
2025-03-14 07:23:31 PM - INFO - Loaded 5 pending users from MongoDB
2025-03-14 07:23:32 PM - INFO - Saved 5 pending users to MongoDB
2025-03-14 07:23:40 PM - INFO - Saved 5 pending users to MongoDB
2025-03-14 07:23:43 PM - INFO - Deleted pending user 6102952866 from MongoDB
2025-03-14 07:23:56 PM - INFO - Loaded 4 pending users from MongoDB
2025-03-14 07:23:57 PM - INFO - Saved 5 pending users to MongoDB
2025-03-14 07:23:58 PM - INFO - Saved 5 pending users to MongoDB
2025-03-14 07:24:00 PM - INFO - Saved 5 pending users to MongoDB
2025-03-14 07:24:02 PM - INFO - Saved 5 pending users to MongoDB
2025-03-14 07:24:05 PM - INFO - Saved 5 pending users to MongoDB
2025-03-14 07:24:08 PM - INFO - Saved 5 pending users to MongoDB
2025-03-14 07:24:13 PM - INFO - Saved 5 pending users to MongoDB
2025-03-14 07:24:17 PM - INFO - Deleted pending user 6102952866 from MongoDB
2025-03-14 07:24:17 PM - INFO - Saved 4 pending users to MongoDB
2025-03-14 07:24:17 PM - INFO - Saving payment data for user 6102952866: {'username': 'FujiiiiiPTA', 'payment_plan': 'Monthly', 'payment_mode': '🏦 Bank Transfer', 'due_date': '2025-04-13 19:24:17', 'haspayed': True}
2025-03-14 07:24:48 PM - INFO - Stopping bot...
2025-03-14 07:24:51 PM - INFO - Stopping bot...
2025-03-14 07:36:41 PM - INFO - Loaded 4 pending users from MongoDB
2025-03-14 07:36:41 PM - INFO - Checking for payment reminders...
2025-03-14 07:36:41 PM - INFO - Starting the bot...
2025-03-14 07:36:41 PM - INFO - [31m[1mWARNING: This is a development server. Do not use it in a production deployment. Use a production WSGI server instead.[0m
 * Running on all addresses (0.0.0.0)
 * Running on http://127.0.0.1:8080
 * Running on http://192.168.1.70:8080
2025-03-14 07:36:41 PM - INFO - [33mPress CTRL+C to quit[0m
2025-03-14 07:36:42 PM - INFO - Sent payment reminder to user 6102952866
2025-03-14 07:36:43 PM - INFO - Payment reminder check completed.
2025-03-14 07:36:49 PM - INFO - Stopping bot...
2025-03-14 07:36:49 PM - INFO - Stopping bot...
2025-03-14 07:36:53 PM - INFO - Loaded 4 pending users from MongoDB
2025-03-14 07:36:53 PM - INFO - Checking for payment reminders...
2025-03-14 07:36:53 PM - INFO - Starting the bot...
2025-03-14 07:36:53 PM - INFO - Payment reminder check completed.
2025-03-14 07:36:53 PM - INFO - [31m[1mWARNING: This is a development server. Do not use it in a production deployment. Use a production WSGI server instead.[0m
 * Running on all addresses (0.0.0.0)
 * Running on http://127.0.0.1:8080
 * Running on http://192.168.1.70:8080
2025-03-14 07:36:53 PM - INFO - [33mPress CTRL+C to quit[0m
2025-03-14 07:49:11 PM - INFO - Stopping bot...
2025-03-14 07:49:12 PM - INFO - Stopping bot...
2025-03-14 07:58:10 PM - INFO - Loaded 4 pending users from MongoDB
2025-03-14 07:58:10 PM - INFO - Checking for payment reminders...
2025-03-14 07:58:10 PM - INFO - Starting the bot...
2025-03-14 07:58:10 PM - INFO - Payment reminder check completed.
2025-03-14 07:58:10 PM - INFO - [31m[1mWARNING: This is a development server. Do not use it in a production deployment. Use a production WSGI server instead.[0m
 * Running on all addresses (0.0.0.0)
 * Running on http://127.0.0.1:8080
 * Running on http://192.168.1.70:8080
2025-03-14 07:58:10 PM - INFO - [33mPress CTRL+C to quit[0m
2025-03-14 07:58:16 PM - ERROR - Failed to send manual reminder to user 5111606109: A request to the Telegram API was unsuccessful. Error code: 400. Description: Bad Request: chat not found
2025-03-14 07:58:17 PM - ERROR - Failed to send manual reminder to user 5654013063: A request to the Telegram API was unsuccessful. Error code: 400. Description: Bad Request: chat not found
2025-03-14 07:58:18 PM - INFO - Manual reminder sent to user 6102952866
2025-03-14 07:59:07 PM - INFO - Stopping bot...
2025-03-14 07:59:08 PM - INFO - Stopping bot...
2025-03-14 08:12:43 PM - INFO - Loaded 4 pending users from MongoDB
2025-03-14 08:12:43 PM - INFO - Checking for payment reminders...
2025-03-14 08:12:43 PM - INFO - Starting the bot...
2025-03-14 08:12:43 PM - INFO - Payment reminder check completed.
2025-03-14 08:12:43 PM - INFO - [31m[1mWARNING: This is a development server. Do not use it in a production deployment. Use a production WSGI server instead.[0m
 * Running on all addresses (0.0.0.0)
 * Running on http://127.0.0.1:8080
 * Running on http://192.168.1.70:8080
2025-03-14 08:12:43 PM - INFO - [33mPress CTRL+C to quit[0m
2025-03-14 08:12:48 PM - ERROR - Failed to send manual reminder to user 5111606109: A request to the Telegram API was unsuccessful. Error code: 400. Description: Bad Request: chat not found
2025-03-14 08:12:49 PM - INFO - Manual reminder sent to user 6102952866 (0 days remaining)
2025-03-14 08:15:39 PM - INFO - Stopping bot...
2025-03-14 08:15:40 PM - INFO - Stopping bot...
2025-03-14 08:15:47 PM - INFO - Loaded 4 pending users from MongoDB
2025-03-14 08:15:48 PM - INFO - Checking for payment reminders...
2025-03-14 08:15:48 PM - INFO - Starting the bot...
2025-03-14 08:15:48 PM - INFO - Payment reminder check completed.
2025-03-14 08:15:48 PM - INFO - [31m[1mWARNING: This is a development server. Do not use it in a production deployment. Use a production WSGI server instead.[0m
 * Running on all addresses (0.0.0.0)
 * Running on http://127.0.0.1:8080
 * Running on http://192.168.1.70:8080
2025-03-14 08:15:48 PM - INFO - [33mPress CTRL+C to quit[0m
2025-03-14 08:15:50 PM - INFO - 127.0.0.1 - - [14/Mar/2025 20:15:50] "GET / HTTP/1.1" 200 -
2025-03-14 08:19:53 PM - INFO - Stopping bot...
2025-03-14 08:19:55 PM - INFO - Stopping bot...
2025-03-14 08:20:17 PM - INFO - Loaded 4 pending users from MongoDB
2025-03-14 08:20:17 PM - INFO - Checking for payment reminders...
2025-03-14 08:20:17 PM - INFO - Starting the bot...
2025-03-14 08:20:17 PM - INFO - Payment reminder check completed.
2025-03-14 08:20:22 PM - INFO - 127.0.0.1 - - [14/Mar/2025 20:20:22] "GET / HTTP/1.1" 200 -
2025-03-14 08:20:26 PM - INFO - 127.0.0.1 - - [14/Mar/2025 20:20:26] "GET / HTTP/1.1" 200 -
2025-03-14 08:20:27 PM - INFO - 127.0.0.1 - - [14/Mar/2025 20:20:27] "GET / HTTP/1.1" 200 -
2025-03-14 08:20:35 PM - INFO - Stopping bot...
2025-03-14 08:20:51 PM - INFO - Loaded 4 pending users from MongoDB
2025-03-14 08:20:51 PM - INFO - Checking for payment reminders...
2025-03-14 08:20:51 PM - INFO - Starting the bot...
2025-03-14 08:20:51 PM - INFO - Payment reminder check completed.
2025-03-14 08:21:02 PM - INFO - 127.0.0.1 - - [14/Mar/2025 20:21:02] "GET / HTTP/1.1" 200 -
2025-03-14 08:21:32 PM - INFO - Stopping bot...
2025-03-14 08:21:32 PM - INFO - 127.0.0.1 - - [14/Mar/2025 20:21:32] "GET / HTTP/1.1" 200 -
2025-03-14 08:24:37 PM - INFO - Loaded 4 pending users from MongoDB
2025-03-14 08:24:37 PM - INFO - Checking for payment reminders...
2025-03-14 08:24:37 PM - INFO - Starting the bot...
2025-03-14 08:24:37 PM - INFO - Payment reminder check completed.
2025-03-14 08:24:39 PM - INFO - 127.0.0.1 - - [14/Mar/2025 20:24:39] "GET / HTTP/1.1" 200 -
2025-03-14 08:25:06 PM - INFO - Stopping bot...
2025-03-14 08:25:13 PM - INFO - Loaded 4 pending users from MongoDB
2025-03-14 08:25:13 PM - INFO - Checking for payment reminders...
2025-03-14 08:25:13 PM - INFO - Starting the bot...
2025-03-14 08:25:13 PM - INFO - Payment reminder check completed.
2025-03-14 08:25:15 PM - INFO - 127.0.0.1 - - [14/Mar/2025 20:25:15] "GET / HTTP/1.1" 200 -
2025-03-14 08:25:21 PM - INFO - Stopping bot...
2025-03-14 08:25:50 PM - INFO - Loaded 4 pending users from MongoDB
2025-03-14 08:25:50 PM - INFO - Checking for payment reminders...
2025-03-14 08:25:50 PM - INFO - Starting the bot...
2025-03-14 08:25:50 PM - INFO - Payment reminder check completed.
2025-03-14 08:25:52 PM - INFO - 127.0.0.1 - - [14/Mar/2025 20:25:52] "GET / HTTP/1.1" 200 -
2025-03-14 08:26:22 PM - INFO - 127.0.0.1 - - [14/Mar/2025 20:26:22] "GET / HTTP/1.1" 200 -
2025-03-14 08:26:32 PM - INFO - Stopping bot...
2025-03-14 08:26:36 PM - INFO - 127.0.0.1 - - [14/Mar/2025 20:26:36] "GET / HTTP/1.1" 200 -
2025-03-14 08:26:36 PM - INFO - Loaded 4 pending users from MongoDB
2025-03-14 08:26:36 PM - INFO - Checking for payment reminders...
2025-03-14 08:26:36 PM - INFO - Payment reminder check completed.
2025-03-14 08:26:36 PM - INFO - Starting the bot...
2025-03-14 08:26:49 PM - INFO - Stopping bot...
